0 info it worked if it ends with ok
1 verbose cli [ '/usr/bin/node', '/usr/bin/npm', 'install' ]
2 info using npm@1.4.28
3 info using node@v0.10.40
4 verbose node symlink /usr/bin/node
5 verbose readDependencies using package.json deps
6 verbose install where, deps [ '/1/jdk/projects/market', [ 'ws', 'path', 'fs' ] ]
7 info preinstall market@0.0.1
8 verbose readDependencies using package.json deps
9 verbose cache add [ 'ws@>0', null ]
10 verbose cache add name=undefined spec="ws@>0" args=["ws@>0",null]
11 verbose parsed url { protocol: null,
11 verbose parsed url   slashes: null,
11 verbose parsed url   auth: null,
11 verbose parsed url   host: null,
11 verbose parsed url   port: null,
11 verbose parsed url   hostname: null,
11 verbose parsed url   hash: null,
11 verbose parsed url   search: null,
11 verbose parsed url   query: null,
11 verbose parsed url   pathname: 'ws@%3E0',
11 verbose parsed url   path: 'ws@%3E0',
11 verbose parsed url   href: 'ws@%3E0' }
12 verbose cache add [ 'path@>0', null ]
13 verbose cache add name=undefined spec="path@>0" args=["path@>0",null]
14 verbose parsed url { protocol: null,
14 verbose parsed url   slashes: null,
14 verbose parsed url   auth: null,
14 verbose parsed url   host: null,
14 verbose parsed url   port: null,
14 verbose parsed url   hostname: null,
14 verbose parsed url   hash: null,
14 verbose parsed url   search: null,
14 verbose parsed url   query: null,
14 verbose parsed url   pathname: 'path@%3E0',
14 verbose parsed url   path: 'path@%3E0',
14 verbose parsed url   href: 'path@%3E0' }
15 verbose cache add [ 'fs@>0', null ]
16 verbose cache add name=undefined spec="fs@>0" args=["fs@>0",null]
17 verbose parsed url { protocol: null,
17 verbose parsed url   slashes: null,
17 verbose parsed url   auth: null,
17 verbose parsed url   host: null,
17 verbose parsed url   port: null,
17 verbose parsed url   hostname: null,
17 verbose parsed url   hash: null,
17 verbose parsed url   search: null,
17 verbose parsed url   query: null,
17 verbose parsed url   pathname: 'fs@%3E0',
17 verbose parsed url   path: 'fs@%3E0',
17 verbose parsed url   href: 'fs@%3E0' }
18 verbose cache add name="ws" spec=">0" args=["ws",">0"]
19 verbose parsed url { protocol: null,
19 verbose parsed url   slashes: null,
19 verbose parsed url   auth: null,
19 verbose parsed url   host: null,
19 verbose parsed url   port: null,
19 verbose parsed url   hostname: null,
19 verbose parsed url   hash: null,
19 verbose parsed url   search: null,
19 verbose parsed url   query: null,
19 verbose parsed url   pathname: '%3E0',
19 verbose parsed url   path: '%3E0',
19 verbose parsed url   href: '%3E0' }
20 verbose addNamed [ 'ws', '>0' ]
21 verbose addNamed [ null, '>=1.0.0-0' ]
22 verbose cache add name="path" spec=">0" args=["path",">0"]
23 verbose parsed url { protocol: null,
23 verbose parsed url   slashes: null,
23 verbose parsed url   auth: null,
23 verbose parsed url   host: null,
23 verbose parsed url   port: null,
23 verbose parsed url   hostname: null,
23 verbose parsed url   hash: null,
23 verbose parsed url   search: null,
23 verbose parsed url   query: null,
23 verbose parsed url   pathname: '%3E0',
23 verbose parsed url   path: '%3E0',
23 verbose parsed url   href: '%3E0' }
24 verbose addNamed [ 'path', '>0' ]
25 verbose addNamed [ null, '>=1.0.0-0' ]
26 verbose cache add name="fs" spec=">0" args=["fs",">0"]
27 verbose parsed url { protocol: null,
27 verbose parsed url   slashes: null,
27 verbose parsed url   auth: null,
27 verbose parsed url   host: null,
27 verbose parsed url   port: null,
27 verbose parsed url   hostname: null,
27 verbose parsed url   hash: null,
27 verbose parsed url   search: null,
27 verbose parsed url   query: null,
27 verbose parsed url   pathname: '%3E0',
27 verbose parsed url   path: '%3E0',
27 verbose parsed url   href: '%3E0' }
28 verbose addNamed [ 'fs', '>0' ]
29 verbose addNamed [ null, '>=1.0.0-0' ]
30 silly lockFile f95eb41a-ws-0 ws@>0
31 verbose lock ws@>0 /home/q/.npm/f95eb41a-ws-0.lock
32 silly lockFile d57dd3dc-path-0 path@>0
33 verbose lock path@>0 /home/q/.npm/d57dd3dc-path-0.lock
34 silly lockFile 418b87d1-fs-0 fs@>0
35 verbose lock fs@>0 /home/q/.npm/418b87d1-fs-0.lock
36 silly addNameRange { name: 'ws', range: '>=1.0.0-0', hasData: false }
37 silly addNameRange { name: 'path', range: '>=1.0.0-0', hasData: false }
38 silly addNameRange { name: 'fs', range: '>=1.0.0-0', hasData: false }
39 verbose request where is /path
40 verbose request registry https://registry.npmjs.org/
41 verbose request id d959ea2950a8149c
42 verbose url raw /path
43 verbose url resolving [ 'https://registry.npmjs.org/', './path' ]
44 verbose url resolved https://registry.npmjs.org/path
45 verbose request where is https://registry.npmjs.org/path
46 info trying registry request attempt 1 at 08:40:24
47 verbose etag "127LYN0XHAT3O1V1TMAI9FWV9"
48 http GET https://registry.npmjs.org/path
49 verbose request where is /fs
50 verbose request registry https://registry.npmjs.org/
51 verbose url raw /fs
52 verbose url resolving [ 'https://registry.npmjs.org/', './fs' ]
53 verbose url resolved https://registry.npmjs.org/fs
54 verbose request where is https://registry.npmjs.org/fs
55 info trying registry request attempt 1 at 08:40:24
56 verbose etag "61EZFCRGHS23ZM86028I5BXGD"
57 http GET https://registry.npmjs.org/fs
58 verbose request where is /ws
59 verbose request registry https://registry.npmjs.org/
60 verbose url raw /ws
61 verbose url resolving [ 'https://registry.npmjs.org/', './ws' ]
62 verbose url resolved https://registry.npmjs.org/ws
63 verbose request where is https://registry.npmjs.org/ws
64 info trying registry request attempt 1 at 08:40:24
65 verbose etag "8D36KA113L3C13V2MMR4WIQEG"
66 http GET https://registry.npmjs.org/ws
67 http 304 https://registry.npmjs.org/path
68 silly registry.get cb [ 304,
68 silly registry.get   { date: 'Sat, 07 Nov 2015 06:40:13 GMT',
68 silly registry.get     via: '1.1 varnish',
68 silly registry.get     'cache-control': 'max-age=60',
68 silly registry.get     etag: '"127LYN0XHAT3O1V1TMAI9FWV9"',
68 silly registry.get     age: '9',
68 silly registry.get     connection: 'keep-alive',
68 silly registry.get     'x-served-by': 'cache-fra1237-FRA',
68 silly registry.get     'x-cache': 'HIT',
68 silly registry.get     'x-cache-hits': '1',
68 silly registry.get     'x-timer': 'S1446878413.063358,VS0,VE0',
68 silly registry.get     vary: 'Accept' } ]
69 verbose etag https://registry.npmjs.org/path from cache
70 http 304 https://registry.npmjs.org/ws
71 silly registry.get cb [ 304,
71 silly registry.get   { date: 'Sat, 07 Nov 2015 06:40:13 GMT',
71 silly registry.get     via: '1.1 varnish',
71 silly registry.get     'cache-control': 'max-age=60',
71 silly registry.get     etag: '"8D36KA113L3C13V2MMR4WIQEG"',
71 silly registry.get     age: '45',
71 silly registry.get     connection: 'keep-alive',
71 silly registry.get     'x-served-by': 'cache-fra1228-FRA',
71 silly registry.get     'x-cache': 'HIT',
71 silly registry.get     'x-cache-hits': '419',
71 silly registry.get     'x-timer': 'S1446878413.067131,VS0,VE0',
71 silly registry.get     vary: 'Accept' } ]
72 verbose etag https://registry.npmjs.org/ws from cache
73 silly addNameRange number 2 { name: 'path', range: '>=1.0.0-0', hasData: true }
74 silly addNameRange versions [ 'path', [ '0.4.9', '0.4.10', '0.11.14', '0.12.7' ] ]
75 silly lockFile d57dd3dc-path-0 path@>0
76 silly lockFile d57dd3dc-path-0 path@>0
77 silly addNameRange number 2 { name: 'ws', range: '>=1.0.0-0', hasData: true }
78 silly addNameRange versions [ 'ws',
78 silly addNameRange   [ '0.2.6',
78 silly addNameRange     '0.2.8',
78 silly addNameRange     '0.2.9',
78 silly addNameRange     '0.3.0',
78 silly addNameRange     '0.3.1',
78 silly addNameRange     '0.3.2',
78 silly addNameRange     '0.3.3',
78 silly addNameRange     '0.3.4',
78 silly addNameRange     '0.3.4-2',
78 silly addNameRange     '0.3.5',
78 silly addNameRange     '0.3.5-2',
78 silly addNameRange     '0.3.5-3',
78 silly addNameRange     '0.3.5-4',
78 silly addNameRange     '0.3.6',
78 silly addNameRange     '0.3.7',
78 silly addNameRange     '0.3.8',
78 silly addNameRange     '0.3.9',
78 silly addNameRange     '0.4.0',
78 silly addNameRange     '0.4.1',
78 silly addNameRange     '0.4.2',
78 silly addNameRange     '0.4.3',
78 silly addNameRange     '0.4.5',
78 silly addNameRange     '0.4.6',
78 silly addNameRange     '0.4.7',
78 silly addNameRange     '0.4.8',
78 silly addNameRange     '0.4.9',
78 silly addNameRange     '0.4.10',
78 silly addNameRange     '0.4.11',
78 silly addNameRange     '0.4.12',
78 silly addNameRange     '0.4.13',
78 silly addNameRange     '0.4.14',
78 silly addNameRange     '0.4.15',
78 silly addNameRange     '0.4.16',
78 silly addNameRange     '0.4.17',
78 silly addNameRange     '0.4.18',
78 silly addNameRange     '0.4.19',
78 silly addNameRange     '0.4.20',
78 silly addNameRange     '0.4.21',
78 silly addNameRange     '0.4.22',
78 silly addNameRange     '0.4.23',
78 silly addNameRange     '0.4.24',
78 silly addNameRange     '0.4.25',
78 silly addNameRange     '0.4.27',
78 silly addNameRange     '0.4.28',
78 silly addNameRange     '0.4.29',
78 silly addNameRange     '0.4.30',
78 silly addNameRange     '0.4.31',
78 silly addNameRange     '0.4.32',
78 silly addNameRange     '0.5.0',
78 silly addNameRange     '0.6.0',
78 silly addNameRange     '0.6.1',
78 silly addNameRange     '0.6.2',
78 silly addNameRange     '0.6.3',
78 silly addNameRange     '0.6.4',
78 silly addNameRange     '0.6.5',
78 silly addNameRange     '0.7.0',
78 silly addNameRange     '0.7.1',
78 silly addNameRange     '0.7.2',
78 silly addNameRange     '0.8.0' ] ]
79 silly lockFile f95eb41a-ws-0 ws@>0
80 silly lockFile f95eb41a-ws-0 ws@>0
81 http 304 https://registry.npmjs.org/fs
82 silly registry.get cb [ 304,
82 silly registry.get   { date: 'Sat, 07 Nov 2015 06:40:13 GMT',
82 silly registry.get     via: '1.1 varnish',
82 silly registry.get     'cache-control': 'max-age=60',
82 silly registry.get     etag: '"61EZFCRGHS23ZM86028I5BXGD"',
82 silly registry.get     age: '0',
82 silly registry.get     connection: 'keep-alive',
82 silly registry.get     'x-served-by': 'cache-fra1236-FRA',
82 silly registry.get     'x-cache': 'HIT',
82 silly registry.get     'x-cache-hits': '1',
82 silly registry.get     'x-timer': 'S1446878413.066002,VS0,VE574',
82 silly registry.get     vary: 'Accept' } ]
83 verbose etag https://registry.npmjs.org/fs from cache
84 silly addNameRange number 2 { name: 'fs', range: '>=1.0.0-0', hasData: true }
85 silly addNameRange versions [ 'fs', [ '0.0.0', '0.0.2' ] ]
86 silly lockFile 418b87d1-fs-0 fs@>0
87 silly lockFile 418b87d1-fs-0 fs@>0
88 error notarget No compatible version found: path@'>=1.0.0-0'
88 error notarget Valid install targets:
88 error notarget ["0.4.9","0.4.10","0.11.14","0.12.7"]
88 error notarget
88 error notarget This is most likely not a problem with npm itself.
88 error notarget In most cases you or one of your dependencies are requesting
88 error notarget a package version that doesn't exist.
89 error System Linux 3.13.0-24-generic
90 error command "/usr/bin/node" "/usr/bin/npm" "install"
91 error cwd /1/jdk/projects/market
92 error node -v v0.10.40
93 error npm -v 1.4.28
94 error code ETARGET
95 verbose exit [ 1, true ]
